# JRE version: OpenJDK Runtime Environment Temurin-17.0.4.1+1 (17.0.4.1+1) (build 17.0.4.1+1)
# Java VM: OpenJDK 64-Bit Server VM Temurin-17.0.4.1+1 (17.0.4.1+1, mixed mode, sharing, tiered, compressed oops, compressed class ptrs, g1 gc, windows-amd64)
GC Precious Log:
 CPUs: 16 total, 16 available
 Memory: 16081M
 Large Page Support: Disabled
 NUMA Support: Disabled
 Compressed Oops: Enabled (Zero based)
 Heap Region Size: 2M
 Heap Min Capacity: 8M
 Heap Initial Capacity: 252M
 Heap Max Capacity: 4022M
 Pre-touch: Disabled
 Parallel Workers: 13
 Concurrent Workers: 3
 Concurrent Refinement Workers: 13
 Periodic GC: Disabled
Heap:
 garbage-first heap   total 131072K, used 75449K [0x0000000704a00000, 0x0000000800000000)
  region size 2048K, 21 young (43008K), 1 survivors (2048K)
 Metaspace       used 12472K, committed 12736K, reserved 1064960K
  class space    used 1167K, committed 1280K, reserved 1048576K
GC Heap History (20 events):
Event: 1040.067 GC heap before
{Heap before GC invocations=891 (full 35):
 garbage-first heap   total 204800K, used 174306K [0x0000000704a00000, 0x0000000800000000)
  region size 2048K, 24 young (49152K), 1 survivors (2048K)
 Metaspace       used 12407K, committed 12736K, reserved 1064960K
  class space    used 1157K, committed 1280K, reserved 1048576K
}
Event: 1040.068 GC heap after
{Heap after GC invocations=892 (full 35):
 garbage-first heap   total 204800K, used 128322K [0x0000000704a00000, 0x0000000800000000)
  region size 2048K, 1 young (2048K), 1 survivors (2048K)
 Metaspace       used 12407K, committed 12736K, reserved 1064960K
  class space    used 1157K, committed 1280K, reserved 1048576K
}
Event: 1040.404 GC heap before
{Heap before GC invocations=892 (full 35):
 garbage-first heap   total 204800K, used 167234K [0x0000000704a00000, 0x0000000800000000)
  region size 2048K, 22 young (45056K), 1 survivors (2048K)
 Metaspace       used 12408K, committed 12736K, reserved 1064960K
  class space    used 1157K, committed 1280K, reserved 1048576K
}
Event: 1040.413 GC heap after
{Heap after GC invocations=893 (full 36):
 garbage-first heap   total 163840K, used 41739K [0x0000000704a00000, 0x0000000800000000)
  region size 2048K, 0 young (0K), 0 survivors (0K)
 Metaspace       used 12408K, committed 12736K, reserved 1064960K
  class space    used 1157K, committed 1280K, reserved 1048576K
}
Event: 1040.516 GC heap before
{Heap before GC invocations=893 (full 36):
 garbage-first heap   total 163840K, used 41739K [0x0000000704a00000, 0x0000000800000000)
  region size 2048K, 1 young (2048K), 0 survivors (0K)
 Metaspace       used 12408K, committed 12736K, reserved 1064960K
  class space    used 1157K, committed 1280K, reserved 1048576K
}
Event: 1040.524 GC heap after
{Heap after GC invocations=894 (full 37):
 garbage-first heap   total 151552K, used 41610K [0x0000000704a00000, 0x0000000800000000)
  region size 2048K, 0 young (0K), 0 survivors (0K)
 Metaspace       used 12408K, committed 12736K, reserved 1064960K
  class space    used 1157K, committed 1280K, reserved 1048576K
}
Event: 1040.554 GC heap before
{Heap before GC invocations=894 (full 37):
 garbage-first heap   total 151552K, used 45706K [0x0000000704a00000, 0x0000000800000000)
  region size 2048K, 4 young (8192K), 0 survivors (0K)
 Metaspace       used 12408K, committed 12736K, reserved 1064960K
  class space    used 1157K, committed 1280K, reserved 1048576K
}
Event: 1040.561 GC heap after
{Heap after GC invocations=895 (full 38):
 garbage-first heap   total 151552K, used 43536K [0x0000000704a00000, 0x0000000800000000)
  region size 2048K, 0 young (0K), 0 survivors (0K)
 Metaspace       used 12408K, committed 12736K, reserved 1064960K
  class space    used 1157K, committed 1280K, reserved 1048576K
}
Event: 2712.355 GC heap before
{Heap before GC invocations=895 (full 38):
 garbage-first heap   total 151552K, used 125456K [0x0000000704a00000, 0x0000000800000000)
  region size 2048K, 41 young (83968K), 0 survivors (0K)
 Metaspace       used 12408K, committed 12736K, reserved 1064960K
  class space    used 1157K, committed 1280K, reserved 1048576K
}
Event: 2712.357 GC heap after
{Heap after GC invocations=896 (full 38):
 garbage-first heap   total 151552K, used 45738K [0x0000000704a00000, 0x0000000800000000)
  region size 2048K, 2 young (4096K), 2 survivors (4096K)
 Metaspace       used 12408K, committed 12736K, reserved 1064960K
  class space    used 1157K, committed 1280K, reserved 1048576K
}
Event: 2713.004 GC heap before
{Heap before GC invocations=896 (full 38):
 garbage-first heap   total 151552K, used 123562K [0x0000000704a00000, 0x0000000800000000)
  region size 2048K, 41 young (83968K), 2 survivors (4096K)
 Metaspace       used 12408K, committed 12736K, reserved 1064960K
  class space    used 1157K, committed 1280K, reserved 1048576K
}
Event: 2713.005 GC heap after
{Heap after GC invocations=897 (full 38):
 garbage-first heap   total 151552K, used 44798K [0x0000000704a00000, 0x0000000800000000)
  region size 2048K, 1 young (2048K), 1 survivors (2048K)
 Metaspace       used 12408K, committed 12736K, reserved 1064960K
  class space    used 1157K, committed 1280K, reserved 1048576K
}
Event: 2713.620 GC heap before
{Heap before GC invocations=897 (full 38):
 garbage-first heap   total 151552K, used 118526K [0x0000000704a00000, 0x0000000800000000)
  region size 2048K, 39 young (79872K), 1 survivors (2048K)
 Metaspace       used 12408K, committed 12736K, reserved 1064960K
  class space    used 1157K, committed 1280K, reserved 1048576K
}
Event: 2713.634 GC heap after
{Heap after GC invocations=898 (full 39):
 garbage-first heap   total 143360K, used 36600K [0x0000000704a00000, 0x0000000800000000)
  region size 2048K, 0 young (0K), 0 survivors (0K)
 Metaspace       used 12408K, committed 12736K, reserved 1064960K
  class space    used 1157K, committed 1280K, reserved 1048576K
}
Event: 2713.739 GC heap before
{Heap before GC invocations=898 (full 39):
 garbage-first heap   total 143360K, used 36600K [0x0000000704a00000, 0x0000000800000000)
  region size 2048K, 1 young (2048K), 0 survivors (0K)
 Metaspace       used 12408K, committed 12736K, reserved 1064960K
  class space    used 1157K, committed 1280K, reserved 1048576K
}
Event: 2713.749 GC heap after
{Heap after GC invocations=899 (full 40):
 garbage-first heap   total 131072K, used 34716K [0x0000000704a00000, 0x0000000800000000)
  region size 2048K, 0 young (0K), 0 survivors (0K)
 Metaspace       used 12408K, committed 12736K, reserved 1064960K
  class space    used 1157K, committed 1280K, reserved 1048576K
}
Event: 2713.806 GC heap before
{Heap before GC invocations=899 (full 40):
 garbage-first heap   total 131072K, used 38812K [0x0000000704a00000, 0x0000000800000000)
  region size 2048K, 4 young (8192K), 0 survivors (0K)
 Metaspace       used 12408K, committed 12736K, reserved 1064960K
  class space    used 1157K, committed 1280K, reserved 1048576K
}
Event: 2713.815 GC heap after
{Heap after GC invocations=900 (full 41):
 garbage-first heap   total 131072K, used 36529K [0x0000000704a00000, 0x0000000800000000)
  region size 2048K, 0 young (0K), 0 survivors (0K)
 Metaspace       used 12408K, committed 12736K, reserved 1064960K
  class space    used 1157K, committed 1280K, reserved 1048576K
}
Event: 5654.899 GC heap before
{Heap before GC invocations=900 (full 41):
 garbage-first heap   total 131072K, used 110257K [0x0000000704a00000, 0x0000000800000000)
  region size 2048K, 36 young (73728K), 0 survivors (0K)
 Metaspace       used 12409K, committed 12736K, reserved 1064960K
  class space    used 1157K, committed 1280K, reserved 1048576K
}
Event: 5654.900 GC heap after
{Heap after GC invocations=901 (full 41):
 garbage-first heap   total 131072K, used 36537K [0x0000000704a00000, 0x0000000800000000)
  region size 2048K, 1 young (2048K), 1 survivors (2048K)
 Metaspace       used 12409K, committed 12736K, reserved 1064960K
  class space    used 1157K, committed 1280K, reserved 1048576K
}

